2021-09-09 08:54:43,779 INFO [org.springframework.test.context.support.DefaultTestContextBootstrapper] - Loaded default TestExecutionListener class names from location [META-INF/spring.factories]: [org.springframework.test.context.web.ServletTestExecutionListener, org.springframework.test.context.support.DirtiesContextBeforeModesTestExecutionListener, org.springframework.test.context.support.DependencyInjectionTestExecutionListener, org.springframework.test.context.support.DirtiesContextTestExecutionListener, org.springframework.test.context.transaction.TransactionalTestExecutionListener, org.springframework.test.context.jdbc.SqlScriptsTestExecutionListener]
2021-09-09 08:54:43,797 INFO [org.springframework.test.context.support.DefaultTestContextBootstrapper] - Using TestExecutionListeners: [org.springframework.test.context.support.DirtiesContextBeforeModesTestExecutionListener@31ef45e3, org.springframework.test.context.support.DependencyInjectionTestExecutionListener@598067a5, org.springframework.test.context.support.DirtiesContextTestExecutionListener@3c0ecd4b, org.springframework.test.context.transaction.TransactionalTestExecutionListener@14bf9759, org.springframework.test.context.jdbc.SqlScriptsTestExecutionListener@5f341870]
2021-09-09 08:54:43,851 INFO [org.springframework.beans.factory.xml.XmlBeanDefinitionReader] - Loading XML bean definitions from class path resource [spring-context.xml]
2021-09-09 08:54:44,023 INFO [org.springframework.beans.factory.xml.XmlBeanDefinitionReader] - Loading XML bean definitions from class path resource [spring-context-druid.xml]
2021-09-09 08:54:44,055 INFO [org.springframework.beans.factory.xml.XmlBeanDefinitionReader] - Loading XML bean definitions from class path resource [spring-context-mybatis.xml]
2021-09-09 08:54:44,074 INFO [org.springframework.context.support.GenericApplicationContext] - Refreshing org.springframework.context.support.GenericApplicationContext@13a5fe33: startup date [Thu Sep 09 08:54:44 CST 2021]; root of context hierarchy
2021-09-09 08:54:44,645 INFO [com.alibaba.druid.pool.DruidDataSource] - {dataSource-1} inited
2021-09-09 08:54:44,998 INFO [org.springframework.beans.factory.xml.XmlBeanDefinitionReader] - Loading XML bean definitions from class path resource [org/springframework/jdbc/support/sql-error-codes.xml]
2021-09-09 08:54:45,019 INFO [org.springframework.jdbc.support.SQLErrorCodesFactory] - SQLErrorCodes loaded: [DB2, Derby, H2, HDB, HSQL, Informix, MS-SQL, MySQL, Oracle, PostgreSQL, Sybase]
2021-09-09 08:54:45,044 INFO [org.springframework.context.support.GenericApplicationContext] - Closing org.springframework.context.support.GenericApplicationContext@13a5fe33: startup date [Thu Sep 09 08:54:44 CST 2021]; root of context hierarchy
2021-09-09 08:54:45,049 INFO [com.alibaba.druid.pool.DruidDataSource] - {dataSource-1} closed
2021-09-09 08:58:09,938 INFO [org.springframework.test.context.support.DefaultTestContextBootstrapper] - Loaded default TestExecutionListener class names from location [META-INF/spring.factories]: [org.springframework.test.context.web.ServletTestExecutionListener, org.springframework.test.context.support.DirtiesContextBeforeModesTestExecutionListener, org.springframework.test.context.support.DependencyInjectionTestExecutionListener, org.springframework.test.context.support.DirtiesContextTestExecutionListener, org.springframework.test.context.transaction.TransactionalTestExecutionListener, org.springframework.test.context.jdbc.SqlScriptsTestExecutionListener]
2021-09-09 08:58:09,951 INFO [org.springframework.test.context.support.DefaultTestContextBootstrapper] - Using TestExecutionListeners: [org.springframework.test.context.web.ServletTestExecutionListener@7085bdee, org.springframework.test.context.support.DirtiesContextBeforeModesTestExecutionListener@1ce92674, org.springframework.test.context.support.DependencyInjectionTestExecutionListener@5700d6b1, org.springframework.test.context.support.DirtiesContextTestExecutionListener@6fd02e5, org.springframework.test.context.transaction.TransactionalTestExecutionListener@5bcab519, org.springframework.test.context.jdbc.SqlScriptsTestExecutionListener@e45f292]
2021-09-09 08:58:09,999 INFO [org.springframework.beans.factory.xml.XmlBeanDefinitionReader] - Loading XML bean definitions from class path resource [spring-context.xml]
2021-09-09 08:58:10,154 INFO [org.springframework.beans.factory.xml.XmlBeanDefinitionReader] - Loading XML bean definitions from class path resource [spring-context-druid.xml]
2021-09-09 08:58:10,178 INFO [org.springframework.beans.factory.xml.XmlBeanDefinitionReader] - Loading XML bean definitions from class path resource [spring-context-mybatis.xml]
2021-09-09 08:58:10,192 INFO [org.springframework.context.support.GenericApplicationContext] - Refreshing org.springframework.context.support.GenericApplicationContext@5a8e6209: startup date [Thu Sep 09 08:58:10 CST 2021]; root of context hierarchy
2021-09-09 08:58:10,684 INFO [com.alibaba.druid.pool.DruidDataSource] - {dataSource-1} inited
2021-09-09 08:58:10,996 INFO [org.springframework.beans.factory.xml.XmlBeanDefinitionReader] - Loading XML bean definitions from class path resource [org/springframework/jdbc/support/sql-error-codes.xml]
2021-09-09 08:58:11,014 INFO [org.springframework.jdbc.support.SQLErrorCodesFactory] - SQLErrorCodes loaded: [DB2, Derby, H2, HDB, HSQL, Informix, MS-SQL, MySQL, Oracle, PostgreSQL, Sybase]
2021-09-09 08:58:11,027 INFO [org.springframework.context.support.GenericApplicationContext] - Closing org.springframework.context.support.GenericApplicationContext@5a8e6209: startup date [Thu Sep 09 08:58:10 CST 2021]; root of context hierarchy
2021-09-09 08:58:11,032 INFO [com.alibaba.druid.pool.DruidDataSource] - {dataSource-1} closed
2021-09-09 08:58:20,433 INFO [org.springframework.test.context.support.DefaultTestContextBootstrapper] - Loaded default TestExecutionListener class names from location [META-INF/spring.factories]: [org.springframework.test.context.web.ServletTestExecutionListener, org.springframework.test.context.support.DirtiesContextBeforeModesTestExecutionListener, org.springframework.test.context.support.DependencyInjectionTestExecutionListener, org.springframework.test.context.support.DirtiesContextTestExecutionListener, org.springframework.test.context.transaction.TransactionalTestExecutionListener, org.springframework.test.context.jdbc.SqlScriptsTestExecutionListener]
2021-09-09 08:58:20,447 INFO [org.springframework.test.context.support.DefaultTestContextBootstrapper] - Using TestExecutionListeners: [org.springframework.test.context.web.ServletTestExecutionListener@7085bdee, org.springframework.test.context.support.DirtiesContextBeforeModesTestExecutionListener@1ce92674, org.springframework.test.context.support.DependencyInjectionTestExecutionListener@5700d6b1, org.springframework.test.context.support.DirtiesContextTestExecutionListener@6fd02e5, org.springframework.test.context.transaction.TransactionalTestExecutionListener@5bcab519, org.springframework.test.context.jdbc.SqlScriptsTestExecutionListener@e45f292]
2021-09-09 08:58:20,492 INFO [org.springframework.beans.factory.xml.XmlBeanDefinitionReader] - Loading XML bean definitions from class path resource [spring-context.xml]
2021-09-09 08:58:20,635 INFO [org.springframework.beans.factory.xml.XmlBeanDefinitionReader] - Loading XML bean definitions from class path resource [spring-context-druid.xml]
2021-09-09 08:58:20,662 INFO [org.springframework.beans.factory.xml.XmlBeanDefinitionReader] - Loading XML bean definitions from class path resource [spring-context-mybatis.xml]
2021-09-09 08:58:20,675 INFO [org.springframework.context.support.GenericApplicationContext] - Refreshing org.springframework.context.support.GenericApplicationContext@5a8e6209: startup date [Thu Sep 09 08:58:20 CST 2021]; root of context hierarchy
2021-09-09 08:58:21,208 INFO [com.alibaba.druid.pool.DruidDataSource] - {dataSource-1} inited
2021-09-09 08:58:21,510 INFO [org.springframework.beans.factory.xml.XmlBeanDefinitionReader] - Loading XML bean definitions from class path resource [org/springframework/jdbc/support/sql-error-codes.xml]
2021-09-09 08:58:21,532 INFO [org.springframework.jdbc.support.SQLErrorCodesFactory] - SQLErrorCodes loaded: [DB2, Derby, H2, HDB, HSQL, Informix, MS-SQL, MySQL, Oracle, PostgreSQL, Sybase]
2021-09-09 08:58:21,551 INFO [org.springframework.context.support.GenericApplicationContext] - Closing org.springframework.context.support.GenericApplicationContext@5a8e6209: startup date [Thu Sep 09 08:58:20 CST 2021]; root of context hierarchy
2021-09-09 08:58:21,556 INFO [com.alibaba.druid.pool.DruidDataSource] - {dataSource-1} closed
2021-09-09 08:58:56,015 INFO [org.springframework.test.context.support.DefaultTestContextBootstrapper] - Loaded default TestExecutionListener class names from location [META-INF/spring.factories]: [org.springframework.test.context.web.ServletTestExecutionListener, org.springframework.test.context.support.DirtiesContextBeforeModesTestExecutionListener, org.springframework.test.context.support.DependencyInjectionTestExecutionListener, org.springframework.test.context.support.DirtiesContextTestExecutionListener, org.springframework.test.context.transaction.TransactionalTestExecutionListener, org.springframework.test.context.jdbc.SqlScriptsTestExecutionListener]
2021-09-09 08:58:56,028 INFO [org.springframework.test.context.support.DefaultTestContextBootstrapper] - Using TestExecutionListeners: [org.springframework.test.context.web.ServletTestExecutionListener@7085bdee, org.springframework.test.context.support.DirtiesContextBeforeModesTestExecutionListener@1ce92674, org.springframework.test.context.support.DependencyInjectionTestExecutionListener@5700d6b1, org.springframework.test.context.support.DirtiesContextTestExecutionListener@6fd02e5, org.springframework.test.context.transaction.TransactionalTestExecutionListener@5bcab519, org.springframework.test.context.jdbc.SqlScriptsTestExecutionListener@e45f292]
2021-09-09 08:58:56,076 INFO [org.springframework.beans.factory.xml.XmlBeanDefinitionReader] - Loading XML bean definitions from class path resource [spring-context.xml]
2021-09-09 08:58:56,217 INFO [org.springframework.beans.factory.xml.XmlBeanDefinitionReader] - Loading XML bean definitions from class path resource [spring-context-druid.xml]
2021-09-09 08:58:56,242 INFO [org.springframework.beans.factory.xml.XmlBeanDefinitionReader] - Loading XML bean definitions from class path resource [spring-context-mybatis.xml]
2021-09-09 08:58:56,256 INFO [org.springframework.context.support.GenericApplicationContext] - Refreshing org.springframework.context.support.GenericApplicationContext@5a8e6209: startup date [Thu Sep 09 08:58:56 CST 2021]; root of context hierarchy
2021-09-09 08:58:56,769 INFO [com.alibaba.druid.pool.DruidDataSource] - {dataSource-1} inited
2021-09-09 08:58:57,066 INFO [org.springframework.beans.factory.xml.XmlBeanDefinitionReader] - Loading XML bean definitions from class path resource [org/springframework/jdbc/support/sql-error-codes.xml]
2021-09-09 08:58:57,085 INFO [org.springframework.jdbc.support.SQLErrorCodesFactory] - SQLErrorCodes loaded: [DB2, Derby, H2, HDB, HSQL, Informix, MS-SQL, MySQL, Oracle, PostgreSQL, Sybase]
2021-09-09 08:58:57,097 INFO [org.springframework.context.support.GenericApplicationContext] - Closing org.springframework.context.support.GenericApplicationContext@5a8e6209: startup date [Thu Sep 09 08:58:56 CST 2021]; root of context hierarchy
2021-09-09 08:58:57,101 INFO [com.alibaba.druid.pool.DruidDataSource] - {dataSource-1} closed
2021-09-09 09:01:24,266 INFO [org.springframework.test.context.support.DefaultTestContextBootstrapper] - Loaded default TestExecutionListener class names from location [META-INF/spring.factories]: [org.springframework.test.context.web.ServletTestExecutionListener, org.springframework.test.context.support.DirtiesContextBeforeModesTestExecutionListener, org.springframework.test.context.support.DependencyInjectionTestExecutionListener, org.springframework.test.context.support.DirtiesContextTestExecutionListener, org.springframework.test.context.transaction.TransactionalTestExecutionListener, org.springframework.test.context.jdbc.SqlScriptsTestExecutionListener]
2021-09-09 09:01:24,279 INFO [org.springframework.test.context.support.DefaultTestContextBootstrapper] - Using TestExecutionListeners: [org.springframework.test.context.web.ServletTestExecutionListener@7085bdee, org.springframework.test.context.support.DirtiesContextBeforeModesTestExecutionListener@1ce92674, org.springframework.test.context.support.DependencyInjectionTestExecutionListener@5700d6b1, org.springframework.test.context.support.DirtiesContextTestExecutionListener@6fd02e5, org.springframework.test.context.transaction.TransactionalTestExecutionListener@5bcab519, org.springframework.test.context.jdbc.SqlScriptsTestExecutionListener@e45f292]
2021-09-09 09:01:24,336 INFO [org.springframework.beans.factory.xml.XmlBeanDefinitionReader] - Loading XML bean definitions from class path resource [spring-context.xml]
2021-09-09 09:01:24,504 INFO [org.springframework.beans.factory.xml.XmlBeanDefinitionReader] - Loading XML bean definitions from class path resource [spring-context-druid.xml]
2021-09-09 09:01:24,528 INFO [org.springframework.beans.factory.xml.XmlBeanDefinitionReader] - Loading XML bean definitions from class path resource [spring-context-mybatis.xml]
2021-09-09 09:01:24,544 INFO [org.springframework.context.support.GenericApplicationContext] - Refreshing org.springframework.context.support.GenericApplicationContext@5a8e6209: startup date [Thu Sep 09 09:01:24 CST 2021]; root of context hierarchy
2021-09-09 09:01:25,113 INFO [com.alibaba.druid.pool.DruidDataSource] - {dataSource-1} inited
2021-09-09 09:01:25,393 INFO [org.springframework.beans.factory.xml.XmlBeanDefinitionReader] - Loading XML bean definitions from class path resource [org/springframework/jdbc/support/sql-error-codes.xml]
2021-09-09 09:01:25,411 INFO [org.springframework.jdbc.support.SQLErrorCodesFactory] - SQLErrorCodes loaded: [DB2, Derby, H2, HDB, HSQL, Informix, MS-SQL, MySQL, Oracle, PostgreSQL, Sybase]
2021-09-09 09:01:25,424 INFO [org.springframework.context.support.GenericApplicationContext] - Closing org.springframework.context.support.GenericApplicationContext@5a8e6209: startup date [Thu Sep 09 09:01:24 CST 2021]; root of context hierarchy
2021-09-09 09:01:25,428 INFO [com.alibaba.druid.pool.DruidDataSource] - {dataSource-1} closed
2021-09-09 09:08:07,461 INFO [org.springframework.test.context.support.DefaultTestContextBootstrapper] - Loaded default TestExecutionListener class names from location [META-INF/spring.factories]: [org.springframework.test.context.web.ServletTestExecutionListener, org.springframework.test.context.support.DirtiesContextBeforeModesTestExecutionListener, org.springframework.test.context.support.DependencyInjectionTestExecutionListener, org.springframework.test.context.support.DirtiesContextTestExecutionListener, org.springframework.test.context.transaction.TransactionalTestExecutionListener, org.springframework.test.context.jdbc.SqlScriptsTestExecutionListener]
2021-09-09 09:08:07,485 INFO [org.springframework.test.context.support.DefaultTestContextBootstrapper] - Using TestExecutionListeners: [org.springframework.test.context.web.ServletTestExecutionListener@7085bdee, org.springframework.test.context.support.DirtiesContextBeforeModesTestExecutionListener@1ce92674, org.springframework.test.context.support.DependencyInjectionTestExecutionListener@5700d6b1, org.springframework.test.context.support.DirtiesContextTestExecutionListener@6fd02e5, org.springframework.test.context.transaction.TransactionalTestExecutionListener@5bcab519, org.springframework.test.context.jdbc.SqlScriptsTestExecutionListener@e45f292]
2021-09-09 09:08:07,561 INFO [org.springframework.beans.factory.xml.XmlBeanDefinitionReader] - Loading XML bean definitions from class path resource [spring-context.xml]
2021-09-09 09:08:07,712 INFO [org.springframework.beans.factory.xml.XmlBeanDefinitionReader] - Loading XML bean definitions from class path resource [spring-context-druid.xml]
2021-09-09 09:08:07,737 INFO [org.springframework.beans.factory.xml.XmlBeanDefinitionReader] - Loading XML bean definitions from class path resource [spring-context-mybatis.xml]
2021-09-09 09:08:07,753 INFO [org.springframework.context.support.GenericApplicationContext] - Refreshing org.springframework.context.support.GenericApplicationContext@5a8e6209: startup date [Thu Sep 09 09:08:07 CST 2021]; root of context hierarchy
2021-09-09 09:08:08,290 INFO [com.alibaba.druid.pool.DruidDataSource] - {dataSource-1} inited
2021-09-09 09:08:08,584 INFO [org.springframework.beans.factory.xml.XmlBeanDefinitionReader] - Loading XML bean definitions from class path resource [org/springframework/jdbc/support/sql-error-codes.xml]
2021-09-09 09:08:08,601 INFO [org.springframework.jdbc.support.SQLErrorCodesFactory] - SQLErrorCodes loaded: [DB2, Derby, H2, HDB, HSQL, Informix, MS-SQL, MySQL, Oracle, PostgreSQL, Sybase]
2021-09-09 09:08:08,613 INFO [org.springframework.context.support.GenericApplicationContext] - Closing org.springframework.context.support.GenericApplicationContext@5a8e6209: startup date [Thu Sep 09 09:08:07 CST 2021]; root of context hierarchy
2021-09-09 09:08:08,617 INFO [com.alibaba.druid.pool.DruidDataSource] - {dataSource-1} closed
2021-09-09 09:10:06,877 INFO [org.springframework.test.context.support.DefaultTestContextBootstrapper] - Loaded default TestExecutionListener class names from location [META-INF/spring.factories]: [org.springframework.test.context.web.ServletTestExecutionListener, org.springframework.test.context.support.DirtiesContextBeforeModesTestExecutionListener, org.springframework.test.context.support.DependencyInjectionTestExecutionListener, org.springframework.test.context.support.DirtiesContextTestExecutionListener, org.springframework.test.context.transaction.TransactionalTestExecutionListener, org.springframework.test.context.jdbc.SqlScriptsTestExecutionListener]
2021-09-09 09:10:06,892 INFO [org.springframework.test.context.support.DefaultTestContextBootstrapper] - Using TestExecutionListeners: [org.springframework.test.context.web.ServletTestExecutionListener@7085bdee, org.springframework.test.context.support.DirtiesContextBeforeModesTestExecutionListener@1ce92674, org.springframework.test.context.support.DependencyInjectionTestExecutionListener@5700d6b1, org.springframework.test.context.support.DirtiesContextTestExecutionListener@6fd02e5, org.springframework.test.context.transaction.TransactionalTestExecutionListener@5bcab519, org.springframework.test.context.jdbc.SqlScriptsTestExecutionListener@e45f292]
2021-09-09 09:10:06,938 INFO [org.springframework.beans.factory.xml.XmlBeanDefinitionReader] - Loading XML bean definitions from class path resource [spring-context.xml]
2021-09-09 09:10:07,083 INFO [org.springframework.beans.factory.xml.XmlBeanDefinitionReader] - Loading XML bean definitions from class path resource [spring-context-druid.xml]
2021-09-09 09:10:07,108 INFO [org.springframework.beans.factory.xml.XmlBeanDefinitionReader] - Loading XML bean definitions from class path resource [spring-context-mybatis.xml]
2021-09-09 09:10:07,123 INFO [org.springframework.context.support.GenericApplicationContext] - Refreshing org.springframework.context.support.GenericApplicationContext@5a8e6209: startup date [Thu Sep 09 09:10:07 CST 2021]; root of context hierarchy
2021-09-09 09:10:07,623 INFO [com.alibaba.druid.pool.DruidDataSource] - {dataSource-1} inited
2021-09-09 09:10:07,917 INFO [org.springframework.beans.factory.xml.XmlBeanDefinitionReader] - Loading XML bean definitions from class path resource [org/springframework/jdbc/support/sql-error-codes.xml]
2021-09-09 09:10:07,935 INFO [org.springframework.jdbc.support.SQLErrorCodesFactory] - SQLErrorCodes loaded: [DB2, Derby, H2, HDB, HSQL, Informix, MS-SQL, MySQL, Oracle, PostgreSQL, Sybase]
2021-09-09 09:10:07,947 INFO [org.springframework.context.support.GenericApplicationContext] - Closing org.springframework.context.support.GenericApplicationContext@5a8e6209: startup date [Thu Sep 09 09:10:07 CST 2021]; root of context hierarchy
2021-09-09 09:10:07,951 INFO [com.alibaba.druid.pool.DruidDataSource] - {dataSource-1} closed
2021-09-09 09:11:34,568 INFO [org.springframework.test.context.support.DefaultTestContextBootstrapper] - Loaded default TestExecutionListener class names from location [META-INF/spring.factories]: [org.springframework.test.context.web.ServletTestExecutionListener, org.springframework.test.context.support.DirtiesContextBeforeModesTestExecutionListener, org.springframework.test.context.support.DependencyInjectionTestExecutionListener, org.springframework.test.context.support.DirtiesContextTestExecutionListener, org.springframework.test.context.transaction.TransactionalTestExecutionListener, org.springframework.test.context.jdbc.SqlScriptsTestExecutionListener]
2021-09-09 09:11:34,595 INFO [org.springframework.test.context.support.DefaultTestContextBootstrapper] - Using TestExecutionListeners: [org.springframework.test.context.web.ServletTestExecutionListener@7085bdee, org.springframework.test.context.support.DirtiesContextBeforeModesTestExecutionListener@1ce92674, org.springframework.test.context.support.DependencyInjectionTestExecutionListener@5700d6b1, org.springframework.test.context.support.DirtiesContextTestExecutionListener@6fd02e5, org.springframework.test.context.transaction.TransactionalTestExecutionListener@5bcab519, org.springframework.test.context.jdbc.SqlScriptsTestExecutionListener@e45f292]
2021-09-09 09:11:34,703 INFO [org.springframework.beans.factory.xml.XmlBeanDefinitionReader] - Loading XML bean definitions from class path resource [spring-context.xml]
2021-09-09 09:11:34,906 INFO [org.springframework.beans.factory.xml.XmlBeanDefinitionReader] - Loading XML bean definitions from class path resource [spring-context-druid.xml]
2021-09-09 09:11:34,935 INFO [org.springframework.beans.factory.xml.XmlBeanDefinitionReader] - Loading XML bean definitions from class path resource [spring-context-mybatis.xml]
2021-09-09 09:11:34,967 INFO [org.springframework.context.support.GenericApplicationContext] - Refreshing org.springframework.context.support.GenericApplicationContext@5a8e6209: startup date [Thu Sep 09 09:11:34 CST 2021]; root of context hierarchy
2021-09-09 09:11:35,509 INFO [com.alibaba.druid.pool.DruidDataSource] - {dataSource-1} inited
2021-09-09 09:11:35,814 INFO [org.springframework.beans.factory.xml.XmlBeanDefinitionReader] - Loading XML bean definitions from class path resource [org/springframework/jdbc/support/sql-error-codes.xml]
2021-09-09 09:11:35,832 INFO [org.springframework.jdbc.support.SQLErrorCodesFactory] - SQLErrorCodes loaded: [DB2, Derby, H2, HDB, HSQL, Informix, MS-SQL, MySQL, Oracle, PostgreSQL, Sybase]
2021-09-09 09:11:35,847 INFO [org.springframework.context.support.GenericApplicationContext] - Closing org.springframework.context.support.GenericApplicationContext@5a8e6209: startup date [Thu Sep 09 09:11:34 CST 2021]; root of context hierarchy
2021-09-09 09:11:35,852 INFO [com.alibaba.druid.pool.DruidDataSource] - {dataSource-1} closed
